<?xml version="1.0" encoding="UTF-8"?>
<!-- Generated by org.testng.reporters.JUnitReportReporter -->
<testsuite hostname="IN-PG02H7VY" failures="0" tests="1" name="com.flipkart.testcases.WomenClothingTest" time="4.011" errors="0" timestamp="2023-01-09T16:59:20 IST" skipped="0">
  <testcase classname="com.flipkart.testcases.WomenClothingTest" name="heelsTest" time="4.011"/>
  <system-out/>
</testsuite> <!-- com.flipkart.testcases.WomenClothingTest -->
