<?xml version="1.0" encoding="UTF-8"?>
<!-- Generated by org.testng.reporters.JUnitReportReporter -->
<testsuite hostname="IN-PG02H7VY" failures="0" tests="1" name="com.flipkart.testcases.BooksTest" time="1.573" errors="0" timestamp="2023-01-09T16:59:20 IST" skipped="0">
  <testcase classname="com.flipkart.testcases.BooksTest" name="literaturebooktest" time="1.573"/>
  <system-out/>
</testsuite> <!-- com.flipkart.testcases.BooksTest -->
