<?xml version="1.0" encoding="UTF-8"?>
<!-- Generated by org.testng.reporters.JUnitReportReporter -->
<testsuite hostname="IN-PG02H7VY" failures="0" tests="1" name="com.flipkart.testcases.downloadAppTest" time="4.866" errors="0" timestamp="2023-01-09T16:59:20 IST" skipped="0">
  <testcase classname="com.flipkart.testcases.downloadAppTest" name="downloadApptest" time="4.866"/>
  <system-out/>
</testsuite> <!-- com.flipkart.testcases.downloadAppTest -->
