<?xml version="1.0" encoding="UTF-8"?>
<!-- Generated by org.testng.reporters.JUnitReportReporter -->
<testsuite hostname="IN-PG02H7VY" failures="0" tests="1" name="com.flipkart.testcases.CoinBalanceTest" time="2.714" errors="0" timestamp="2023-01-09T16:59:20 IST" skipped="0">
  <testcase classname="com.flipkart.testcases.CoinBalanceTest" name="checkSuperCoinBalance" time="2.714"/>
  <system-out/>
</testsuite> <!-- com.flipkart.testcases.CoinBalanceTest -->
