<?xml version="1.0" encoding="UTF-8"?>
<!-- Generated by org.testng.reporters.JUnitReportReporter -->
<testsuite hostname="IN-PG02H7VY" failures="0" tests="1" name="com.flipkart.testcases.loginTest" time="0.689" errors="0" timestamp="2023-01-07T15:36:46 IST" skipped="0">
  <testcase classname="com.flipkart.testcases.loginTest" name="login" time="0.689"/>
  <system-out/>
</testsuite> <!-- com.flipkart.testcases.loginTest -->
