<?xml version="1.0" encoding="UTF-8"?>
<!-- Generated by org.testng.reporters.JUnitReportReporter -->
<testsuite hostname="IN-PG02H7VY" failures="0" tests="4" name="com.flipkart.testcases.custCareTest" time="4.040" errors="0" timestamp="2023-01-09T16:59:20 IST" skipped="0">
  <testcase classname="com.flipkart.testcases.custCareTest" name="customerCareTest" time="1.359"/>
  <system-out/>
  <testcase classname="com.flipkart.testcases.custCareTest" name="custcare_order" time="0.980"/>
  <system-out/>
  <testcase classname="com.flipkart.testcases.custCareTest" name="custcare_return" time="0.825"/>
  <system-out/>
  <testcase classname="com.flipkart.testcases.custCareTest" name="custcare_shopping" time="0.876"/>
  <system-out/>
</testsuite> <!-- com.flipkart.testcases.custCareTest -->
