<?xml version="1.0" encoding="UTF-8"?>
<!-- Generated by org.testng.reporters.JUnitReportReporter -->
<testsuite hostname="IN-PG02H7VY" failures="0" tests="2" name="com.flipkart.testcases.ElectronicTest" time="2.913" errors="0" timestamp="2023-01-09T16:59:20 IST" skipped="0">
  <testcase classname="com.flipkart.testcases.ElectronicTest" name="pendriveTest" time="1.432"/>
  <system-out/>
  <testcase classname="com.flipkart.testcases.ElectronicTest" name="powerbankTest" time="1.481"/>
  <system-out/>
</testsuite> <!-- com.flipkart.testcases.ElectronicTest -->
