<?xml version="1.0" encoding="UTF-8"?>
<!-- Generated by org.testng.reporters.JUnitReportReporter -->
<testsuite hostname="IN-PG02H7VY" failures="0" tests="3" name="com.flipkart.testcases.becomeSellerTest" time="10.989" errors="0" timestamp="2023-01-09T16:59:20 IST" skipped="0">
  <testcase classname="com.flipkart.testcases.becomeSellerTest" name="verifyLocalShippingFees" time="9.167"/>
  <system-out/>
  <testcase classname="com.flipkart.testcases.becomeSellerTest" name="verifyZonalShippingFees" time="0.275"/>
  <system-out/>
  <testcase classname="com.flipkart.testcases.becomeSellerTest" name="verifyNationalShippingFees" time="1.547"/>
  <system-out/>
</testsuite> <!-- com.flipkart.testcases.becomeSellerTest -->
