<?xml version="1.0" encoding="UTF-8"?>
<!-- Generated by org.testng.reporters.JUnitReportReporter -->
<testsuite hostname="IN-PG02H7VY" failures="0" tests="1" name="com.flipkart.testcases.ApplianceTest" time="1.291" errors="0" timestamp="2023-01-09T16:59:20 IST" skipped="0">
  <testcase classname="com.flipkart.testcases.ApplianceTest" name="actest" time="1.291"/>
  <system-out/>
</testsuite> <!-- com.flipkart.testcases.ApplianceTest -->
